###########2021-06-14-18:13:06#############
位于分支 master
尚未暂存以备提交的变更：
  （使用 "git add <文件>..." 更新要提交的内容）
  （使用 "git restore <文件>..." 丢弃工作区的改动）
	修改：     push.log
	修改：     push.sh

修改尚未加入提交（使用 "git add" 和/或 "git commit -a"）
[master 3d7029c] chenyantao@cyt
 2 files changed, 16 insertions(+), 92 deletions(-)
 rewrite push.log (91%)
###########2021-06-14-18:14:06#############
###########2021-06-14-18:14:06#############
位于分支 master
尚未暂存以备提交的变更：
  （使用 "git add <文件>..." 更新要提交的内容）
  （使用 "git restore <文件>..." 丢弃工作区的改动）
	修改：     push.log

修改尚未加入提交（使用 "git add" 和/或 "git commit -a"）
位于分支 master
尚未暂存以备提交的变更：
  （使用 "git add <文件>..." 更新要提交的内容）
  （使用 "git restore <文件>..." 丢弃工作区的改动）
	修改：     push.log

修改尚未加入提交（使用 "git add" 和/或 "git commit -a"）
位于分支 master
未跟踪的文件:
  （使用 "git add <文件>..." 以包含要提交的内容）
	.push.sh.swp

提交为空，但是存在尚未跟踪的文件（使用 "git add" 建立跟踪）
[master 6087240] chenyantao@cyt
 1 file changed, 25 insertions(+)
###########2021-06-14-18:14:06#############
位于分支 master
尚未暂存以备提交的变更：
  （使用 "git add <文件>..." 更新要提交的内容）
  （使用 "git restore <文件>..." 丢弃工作区的改动）
	修改：     push.log
	修改：     push.sh

修改尚未加入提交（使用 "git add" 和/或 "git commit -a"）
